14.2815 	WARNING 	User requested fullscreen with size [1440  800], but screen is actually [1440, 900]. Using actual size
0.4991 	EXP 	blank on 0
0.9939 	EXP 	stimulus on 0
2.4948 	EXP 	stimulus off 0
2.4991 	EXP 	blank on 1
2.9936 	EXP 	stimulus on 1
4.4952 	EXP 	stimulus off 1
4.4994 	EXP 	blank on 2
4.9938 	EXP 	stimulus on 2
6.4951 	EXP 	stimulus off 2
6.4999 	EXP 	blank on 3
6.9936 	EXP 	stimulus on 3
8.4948 	EXP 	stimulus off 3
8.5007 	EXP 	blank on 4
8.9936 	EXP 	stimulus on 4
10.4948 	EXP 	stimulus off 4
10.5043 	EXP 	Created unnamed ImageStim = ImageStim(__class__=<class 'psychopy.visual.image.ImageStim'>, anchor=('center', 'center'), autoLog=True, color=array([1., 1., 1.]), colorSpace='rgb', contrast=1.0, depth=0, flipHoriz=False, flipVert=False, image='./OBJECTSALL/Aconcreteblo3.jpg', interpolate=False, mask=None, maskParams=None, name='unnamed ImageStim', opacity=1.0, ori=0.0, pos=array([0., 0.]), size=array([0.5  , 0.375]), texRes=128, units='height', win=Window(...))
10.5098 	EXP 	Created unnamed ImageStim = ImageStim(__class__=<class 'psychopy.visual.image.ImageStim'>, anchor=('center', 'center'), autoLog=True, color=array([1., 1., 1.]), colorSpace='rgb', contrast=1.0, depth=0, flipHoriz=False, flipVert=False, image='./OBJECTSALL/AFLUTE6.jpg', interpolate=False, mask=None, maskParams=None, name='unnamed ImageStim', opacity=1.0, ori=0.0, pos=array([0., 0.]), size=array([0.5  , 0.375]), texRes=128, units='height', win=Window(...))
10.5142 	EXP 	Created unnamed ImageStim = ImageStim(__class__=<class 'psychopy.visual.image.ImageStim'>, anchor=('center', 'center'), autoLog=True, color=array([1., 1., 1.]), colorSpace='rgb', contrast=1.0, depth=0, flipHoriz=False, flipVert=False, image='./OBJECTSALL/22827276.thl.jpg', interpolate=False, mask=None, maskParams=None, name='unnamed ImageStim', opacity=1.0, ori=0.0, pos=array([0., 0.]), size=array([0.5  , 0.375]), texRes=128, units='height', win=Window(...))
10.5182 	EXP 	Created unnamed ImageStim = ImageStim(__class__=<class 'psychopy.visual.image.ImageStim'>, anchor=('center', 'center'), autoLog=True, color=array([1., 1., 1.]), colorSpace='rgb', contrast=1.0, depth=0, flipHoriz=False, flipVert=False, image='./OBJECTSALL/8055554.thl.jpg', interpolate=False, mask=None, maskParams=None, name='unnamed ImageStim', opacity=1.0, ori=0.0, pos=array([0., 0.]), size=array([0.5  , 0.375]), texRes=128, units='height', win=Window(...))
10.5231 	EXP 	Created unnamed ImageStim = ImageStim(__class__=<class 'psychopy.visual.image.ImageStim'>, anchor=('center', 'center'), autoLog=True, color=array([1., 1., 1.]), colorSpace='rgb', contrast=1.0, depth=0, flipHoriz=False, flipVert=False, image='./OBJECTSALL/Atoybird10.jpg', interpolate=False, mask=None, maskParams=None, name='unnamed ImageStim', opacity=1.0, ori=0.0, pos=array([0., 0.]), size=array([0.5  , 0.375]), texRes=128, units='height', win=Window(...))
10.5285 	EXP 	Created unnamed ImageStim = ImageStim(__class__=<class 'psychopy.visual.image.ImageStim'>, anchor=('center', 'center'), autoLog=True, color=array([1., 1., 1.]), colorSpace='rgb', contrast=1.0, depth=0, flipHoriz=False, flipVert=False, image='./OBJECTSALL/Atoychameleo2.jpg', interpolate=False, mask=None, maskParams=None, name='unnamed ImageStim', opacity=1.0, ori=0.0, pos=array([0., 0.]), size=array([0.5  , 0.375]), texRes=128, units='height', win=Window(...))
10.5342 	EXP 	Created unnamed ImageStim = ImageStim(__class__=<class 'psychopy.visual.image.ImageStim'>, anchor=('center', 'center'), autoLog=True, color=array([1., 1., 1.]), colorSpace='rgb', contrast=1.0, depth=0, flipHoriz=False, flipVert=False, image='./OBJECTSALL/ACANDEXT.jpg', interpolate=False, mask=None, maskParams=None, name='unnamed ImageStim', opacity=1.0, ori=0.0, pos=array([0., 0.]), size=array([0.5  , 0.375]), texRes=128, units='height', win=Window(...))
10.5383 	EXP 	Created unnamed ImageStim = ImageStim(__class__=<class 'psychopy.visual.image.ImageStim'>, anchor=('center', 'center'), autoLog=True, color=array([1., 1., 1.]), colorSpace='rgb', contrast=1.0, depth=0, flipHoriz=False, flipVert=False, image='./OBJECTSALL/Astatue113.jpg', interpolate=False, mask=None, maskParams=None, name='unnamed ImageStim', opacity=1.0, ori=0.0, pos=array([0., 0.]), size=array([0.5  , 0.375]), texRes=128, units='height', win=Window(...))
10.5424 	EXP 	Created unnamed ImageStim = ImageStim(__class__=<class 'psychopy.visual.image.ImageStim'>, anchor=('center', 'center'), autoLog=True, color=array([1., 1., 1.]), colorSpace='rgb', contrast=1.0, depth=0, flipHoriz=False, flipVert=False, image='./OBJECTSALL/9815480.thl.jpg', interpolate=False, mask=None, maskParams=None, name='unnamed ImageStim', opacity=1.0, ori=0.0, pos=array([0., 0.]), size=array([0.5  , 0.375]), texRes=128, units='height', win=Window(...))
10.5475 	EXP 	Created unnamed ImageStim = ImageStim(__class__=<class 'psychopy.visual.image.ImageStim'>, anchor=('center', 'center'), autoLog=True, color=array([1., 1., 1.]), colorSpace='rgb', contrast=1.0, depth=0, flipHoriz=False, flipVert=False, image='./OBJECTSALL/AABSTRACT.jpg', interpolate=False, mask=None, maskParams=None, name='unnamed ImageStim', opacity=1.0, ori=0.0, pos=array([0., 0.]), size=array([0.5  , 0.375]), texRes=128, units='height', win=Window(...))
10.5541 	EXP 	Created unnamed TextStim = TextStim(__class__=<class 'psychopy.visual.text.TextStim'>, alignHoriz=method-wrapper(...), alignText='center', alignVert=method-wrapper(...), anchorHoriz='center', anchorVert='center', antialias=True, autoDraw=False, autoLog=True, bold=False, color=array([-1., -1., -1.]), colorSpace='rgb', contrast=1.0, depth=0, flipHoriz=False, flipVert=False, font='times', fontFiles=[], height=0.1, italic=False, languageStyle='LTR', name='unnamed TextStim', opacity=1.0, ori=0.0, pos=array([0., 0.]), rgb=UNKNOWN, text=str(...), units='height', win=Window(...), wrapWidth=1)
10.5568 	EXP 	unnamed TextStim: autoDraw = False
18.5606 	EXP 	Created unnamed TextStim = TextStim(__class__=<class 'psychopy.visual.text.TextStim'>, alignHoriz=method-wrapper(...), alignText='center', alignVert=method-wrapper(...), anchorHoriz='center', anchorVert='center', antialias=True, autoDraw=False, autoLog=True, bold=False, color=array([-1., -1., -1.]), colorSpace='rgb', contrast=1.0, depth=0, flipHoriz=False, flipVert=False, font='times', fontFiles=[], height=0.1, italic=False, languageStyle='LTR', name='unnamed TextStim', opacity=1.0, ori=0.0, pos=array([-0.4, -0.3]), rgb=UNKNOWN, text='old (press "d")', units='height', win=Window(...), wrapWidth=1)
18.5628 	EXP 	Created unnamed TextStim = TextStim(__class__=<class 'psychopy.visual.text.TextStim'>, alignHoriz=method-wrapper(...), alignText='center', alignVert=method-wrapper(...), anchorHoriz='center', anchorVert='center', antialias=True, autoDraw=False, autoLog=True, bold=False, color=array([-1., -1., -1.]), colorSpace='rgb', contrast=1.0, depth=0, flipHoriz=False, flipVert=False, font='times', fontFiles=[], height=0.1, italic=False, languageStyle='LTR', name='unnamed TextStim', opacity=1.0, ori=0.0, pos=array([ 0.4, -0.3]), rgb=UNKNOWN, text='new (press "k")', units='height', win=Window(...), wrapWidth=1)
18.5699 	EXP 	unnamed TextStim: autoDraw = True
18.5699 	EXP 	unnamed TextStim: autoDraw = True
0.0049 	EXP 	stimulus on 0
2.1697 	DATA 	Keypress: d
2.1750 	EXP 	stimulus off 0
2.1789 	EXP 	stimulus on 1
2.0591 	DATA 	Keypress: d
2.0642 	EXP 	stimulus off 1
2.0682 	EXP 	stimulus on 2
2.0147 	DATA 	Keypress: k
2.0202 	EXP 	stimulus off 2
2.0394 	EXP 	stimulus on 3
1.3127 	DATA 	Keypress: k
1.3184 	EXP 	stimulus off 3
1.3226 	EXP 	stimulus on 4
0.8133 	DATA 	Keypress: k
0.8169 	EXP 	stimulus off 4
0.8204 	EXP 	stimulus on 5
1.4236 	DATA 	Keypress: k
1.4291 	EXP 	stimulus off 5
1.4333 	EXP 	stimulus on 6
2.0173 	DATA 	Keypress: d
2.0227 	EXP 	stimulus off 6
2.0445 	EXP 	stimulus on 7
0.7628 	DATA 	Keypress: d
0.7661 	EXP 	stimulus off 7
0.7699 	EXP 	stimulus on 8
1.0067 	DATA 	Keypress: d
1.0100 	EXP 	stimulus off 8
1.0138 	EXP 	stimulus on 9
0.9374 	DATA 	Keypress: d
0.9407 	EXP 	stimulus off 9
0.9433 	EXP 	window1: mouseVisible = True
0.9571 	EXP 	window1: mouseVisible = True
